[debug] [2022-04-07T14:57:56.413Z] ----------------------------------------------------------------------
[debug] [2022-04-07T14:57:56.414Z] Command:       C:\Program Files\nodejs\node.exe C:\Users\Blake\AppData\Roaming\npm\node_modules\firebase-tools\lib\bin\firebase.js init hosting
[debug] [2022-04-07T14:57:56.415Z] CLI Version:   10.6.0
[debug] [2022-04-07T14:57:56.415Z] Platform:      win32
[debug] [2022-04-07T14:57:56.415Z] Node Version:  v16.14.2
[debug] [2022-04-07T14:57:56.416Z] Time:          Thu Apr 07 2022 10:57:56 GMT-0400 (Eastern Daylight Time)
[debug] [2022-04-07T14:57:56.416Z] ----------------------------------------------------------------------
[debug] 
[debug] [2022-04-07T14:57:56.421Z] > command requires scopes: ["email","openid","https://www.googleapis.com/auth/cloudplatformprojects.readonly","https://www.googleapis.com/auth/firebase","https://www.googleapis.com/auth/cloud-platform"]
[debug] [2022-04-07T14:57:56.422Z] > authorizing via signed-in user (jonathan.blake.mckinney@gmail.com)
[info] 
     ######## #### ########  ######## ########     ###     ######  ########
     ##        ##  ##     ## ##       ##     ##  ##   ##  ##       ##
     ######    ##  ########  ######   ########  #########  ######  ######
     ##        ##  ##    ##  ##       ##     ## ##     ##       ## ##
     ##       #### ##     ## ######## ########  ##     ##  ######  ########

You're about to initialize a Firebase project in this directory:

  C:\git\react\firebasics

Before we get started, keep in mind:

  * You are currently outside your home directory

